{"C:\\Users\\KOFI ARHIN\\Desktop\\courses\\node js\\playground\\src\\js\\models\\movies.js": {"path":"C:\\Users\\KOFI ARHIN\\Desktop\\courses\\node js\\playground\\src\\js\\models\\movies.js","statementMap":{"0":{"start":{"line":5,"column":8},"end":{"line":5,"column":35}},"1":{"start":{"line":11,"column":20},"end":{"line":11,"column":127}},"2":{"start":{"line":12,"column":21},"end":{"line":12,"column":102}},"3":{"start":{"line":12,"column":55},"end":{"line":12,"column":70}},"4":{"start":{"line":12,"column":87},"end":{"line":12,"column":101}},"5":{"start":{"line":14,"column":8},"end":{"line":14,"column":20}},"6":{"start":{"line":18,"column":0},"end":{"line":18,"column":24}}},"fnMap":{"0":{"name":"(anonymous_0)","decl":{"start":{"line":3,"column":4},"end":{"line":3,"column":5}},"loc":{"start":{"line":3,"column":18},"end":{"line":6,"column":5}},"line":3},"1":{"name":"(anonymous_1)","decl":{"start":{"line":9,"column":4},"end":{"line":9,"column":5}},"loc":{"start":{"line":9,"column":22},"end":{"line":15,"column":5}},"line":9},"2":{"name":"(anonymous_2)","decl":{"start":{"line":12,"column":43},"end":{"line":12,"column":44}},"loc":{"start":{"line":12,"column":55},"end":{"line":12,"column":70}},"line":12},"3":{"name":"(anonymous_3)","decl":{"start":{"line":12,"column":77},"end":{"line":12,"column":78}},"loc":{"start":{"line":12,"column":87},"end":{"line":12,"column":101}},"line":12}},"branchMap":{},"s":{"0":1,"1":1,"2":1,"3":0,"4":0,"5":0,"6":1},"f":{"0":1,"1":1,"2":0,"3":0},"b":{},"_coverageSchema":"1a1c01bbd47fc00a2c39e90264f33305004495a9","hash":"661cd92145d9b97d366dab3239baf9ba77c1ea17"}
}
